<?xml version="1.0" encoding="UTF-8"?>
<coverage generated="1746557424406" clover="3.2.0">
  <project timestamp="1746557424406" name="All files">
    <metrics statements="38" coveredstatements="12" conditionals="11" coveredconditionals="3" methods="8" coveredmethods="4" elements="57" coveredelements="19" complexity="0" loc="38" ncloc="38" packages="3" files="3" classes="3"/>
    <package name="components.PokemonDetails">
      <metrics statements="2" coveredstatements="2" conditionals="0" coveredconditionals="0" methods="2" coveredmethods="2"/>
      <file name="PokemonDetails.jsx" path="C:\Users\JonathanDeLaCruz\Documents\Revature\250407-NET\other-trainer-code\Week-4-5-React\react-poke-demo\src\components\PokemonDetails\PokemonDetails.jsx">
        <metrics statements="2" coveredstatements="2" conditionals="0" coveredconditionals="0" methods="2" coveredmethods="2"/>
        <line num="4" count="1" type="stmt"/>
        <line num="11" count="2" type="stmt"/>
      </file>
    </package>
    <package name="components.PokemonListItem">
      <metrics statements="1" coveredstatements="1" conditionals="0" coveredconditionals="0" methods="1" coveredmethods="1"/>
      <file name="PokemonListItem.jsx" path="C:\Users\JonathanDeLaCruz\Documents\Revature\250407-NET\other-trainer-code\Week-4-5-React\react-poke-demo\src\components\PokemonListItem\PokemonListItem.jsx">
        <metrics statements="1" coveredstatements="1" conditionals="0" coveredconditionals="0" methods="1" coveredmethods="1"/>
        <line num="4" count="1" type="stmt"/>
      </file>
    </package>
    <package name="context">
      <metrics statements="35" coveredstatements="9" conditionals="11" coveredconditionals="3" methods="5" coveredmethods="1"/>
      <file name="PokemonContext.jsx" path="C:\Users\JonathanDeLaCruz\Documents\Revature\250407-NET\other-trainer-code\Week-4-5-React\react-poke-demo\src\context\PokemonContext.jsx">
        <metrics statements="35" coveredstatements="9" conditionals="11" coveredconditionals="3" methods="5" coveredmethods="1"/>
        <line num="5" count="1" type="stmt"/>
        <line num="14" count="1" type="stmt"/>
        <line num="22" count="1" type="stmt"/>
        <line num="24" count="3" type="cond" truecount="3" falsecount="2"/>
        <line num="28" count="1" type="stmt"/>
        <line num="32" count="1" type="stmt"/>
        <line num="36" count="0" type="stmt"/>
        <line num="37" count="0" type="stmt"/>
        <line num="41" count="1" type="stmt"/>
        <line num="45" count="0" type="stmt"/>
        <line num="50" count="1" type="stmt"/>
        <line num="57" count="0" type="stmt"/>
        <line num="63" count="0" type="stmt"/>
        <line num="67" count="0" type="stmt"/>
        <line num="70" count="0" type="stmt"/>
        <line num="71" count="0" type="stmt"/>
        <line num="75" count="0" type="cond" truecount="0" falsecount="2"/>
        <line num="77" count="0" type="stmt"/>
        <line num="81" count="0" type="stmt"/>
        <line num="84" count="0" type="stmt"/>
        <line num="90" count="0" type="stmt"/>
        <line num="92" count="0" type="stmt"/>
        <line num="94" count="0" type="stmt"/>
        <line num="95" count="0" type="stmt"/>
        <line num="96" count="0" type="cond" truecount="0" falsecount="2"/>
        <line num="98" count="0" type="stmt"/>
        <line num="100" count="0" type="stmt"/>
        <line num="104" count="0" type="stmt"/>
        <line num="109" count="0" type="stmt"/>
        <line num="117" count="0" type="stmt"/>
        <line num="131" count="1" type="stmt"/>
        <line num="132" count="0" type="stmt"/>
        <line num="134" count="0" type="cond" truecount="0" falsecount="2"/>
        <line num="135" count="0" type="stmt"/>
        <line num="138" count="0" type="stmt"/>
      </file>
    </package>
  </project>
</coverage>
