TN:
SF:src\components\PokemonDetails\PokemonDetails.jsx
FN:3,PokemonDetails
FN:10,(anonymous_1)
FNF:2
FNH:2
FNDA:1,PokemonDetails
FNDA:2,(anonymous_1)
DA:4,1
DA:11,2
LF:2
LH:2
BRF:0
BRH:0
end_of_record
TN:
SF:src\components\PokemonListItem\PokemonListItem.jsx
FN:3,PokemonListItem
FNF:1
FNH:1
FNDA:1,PokemonListItem
DA:4,1
LF:1
LH:1
BRF:0
BRH:0
end_of_record
TN:
SF:src\context\PokemonContext.jsx
FN:22,(anonymous_0)
FN:54,PokemonProvider
FN:63,(anonymous_2)
FN:90,(anonymous_3)
FN:131,(anonymous_4)
FNF:5
FNH:1
FNDA:3,(anonymous_0)
FNDA:0,PokemonProvider
FNDA:0,(anonymous_2)
FNDA:0,(anonymous_3)
FNDA:0,(anonymous_4)
DA:5,1
DA:14,1
DA:22,1
DA:24,3
DA:28,1
DA:32,1
DA:36,0
DA:37,0
DA:41,1
DA:45,0
DA:50,1
DA:57,0
DA:63,0
DA:67,0
DA:70,0
DA:71,0
DA:75,0
DA:77,0
DA:81,0
DA:84,0
DA:90,0
DA:92,0
DA:94,0
DA:95,0
DA:96,0
DA:98,0
DA:100,0
DA:104,0
DA:109,0
DA:117,0
DA:131,1
DA:132,0
DA:134,0
DA:135,0
DA:138,0
LF:35
LH:9
BRDA:24,0,0,1
BRDA:24,0,1,1
BRDA:24,0,2,0
BRDA:24,0,3,1
BRDA:24,0,4,0
BRDA:75,1,0,0
BRDA:75,1,1,0
BRDA:96,2,0,0
BRDA:96,2,1,0
BRDA:134,3,0,0
BRDA:134,3,1,0
BRF:11
BRH:3
end_of_record
